{"name": "Verify the Candidates review", "status": "failed", "statusDetails": {"message": "NoSuchWindowException: Message: no such window: target window already closed\nfrom unknown error: web view not found\n  (Session info: chrome=125.0.6422.113)\nStacktrace:\n\tGetHandleVerifier [0x00007FF61FD01F22+60322]\n\t(No symbol) [0x00007FF61FC7CE99]\n\t(No symbol) [0x00007FF61FB37EBA]\n\t(No symbol) [0x00007FF61FB0D5A5]\n\t(No symbol) [0x00007FF61FBB36B7]\n\t(No symbol) [0x00007FF61FBCB331]\n\t(No symbol) [0x00007FF61FBABFC3]\n\t(No symbol) [0x00007FF61FB79617]\n\t(No symbol) [0x00007FF61FB7A211]\n\tGetHandleVerifier [0x00007FF62001946D+3301613]\n\tGetHandleVerifier [0x00007FF620063693+3605267]\n\tGetHandleVerifier [0x00007FF620059410+3563664]\n\tGetHandleVerifier [0x00007FF61FDB42F6+790390]\n\t(No symbol) [0x00007FF61FC874DF]\n\t(No symbol) [0x00007FF61FC833D4]\n\t(No symbol) [0x00007FF61FC83562]\n\t(No symbol) [0x00007FF61FC72F6F]\n\tBaseThreadInitThunk [0x00007FFE55DA257D+29]\n\tRtlUserThreadStart [0x00007FFE56C2AA48+40]\n"}, "description": "Verifies the Candidate page is opened", "steps": [{"name": "LoginResources.Fill the login form", "status": "failed", "statusDetails": {"message": "NoSuchWindowException: Message: no such window: target window already closed\nfrom unknown error: web view not found\n  (Session info: chrome=125.0.6422.113)\nStacktrace:\n\tGetHandleVerifier [0x00007FF61FD01F22+60322]\n\t(No symbol) [0x00007FF61FC7CE99]\n\t(No symbol) [0x00007FF61FB37EBA]\n\t(No symbol) [0x00007FF61FB0D5A5]\n\t(No symbol) [0x00007FF61FBB36B7]\n\t(No symbol) [0x00007FF61FBCB331]\n\t(No symbol) [0x00007FF61FBABFC3]\n\t(No symbol) [0x00007FF61FB79617]\n\t(No symbol) [0x00007FF61FB7A211]\n\tGetHandleVerifier [0x00007FF62001946D+3301613]\n\tGetHandleVerifier [0x00007FF620063693+3605267]\n\tGetHandleVerifier [0x00007FF620059410+3563664]\n\tGetHandleVerifier [0x00007FF61FDB42F6+790390]\n\t(No symbol) [0x00007FF61FC874DF]\n\t(No symbol) [0x00007FF61FC833D4]\n\t(No symbol) [0x00007FF61FC83562]\n\t(No symbol) [0x00007FF61FC72F6F]\n\tBaseThreadInitThunk [0x00007FFE55DA257D+29]\n\tRtlUserThreadStart [0x00007FFE56C2AA48+40]\n"}, "steps": [{"name": "SeleniumLibrary.Input Text", "status": "failed", "statusDetails": {"message": "NoSuchWindowException: Message: no such window: target window already closed\nfrom unknown error: web view not found\n  (Session info: chrome=125.0.6422.113)\nStacktrace:\n\tGetHandleVerifier [0x00007FF61FD01F22+60322]\n\t(No symbol) [0x00007FF61FC7CE99]\n\t(No symbol) [0x00007FF61FB37EBA]\n\t(No symbol) [0x00007FF61FB0D5A5]\n\t(No symbol) [0x00007FF61FBB36B7]\n\t(No symbol) [0x00007FF61FBCB331]\n\t(No symbol) [0x00007FF61FBABFC3]\n\t(No symbol) [0x00007FF61FB79617]\n\t(No symbol) [0x00007FF61FB7A211]\n\tGetHandleVerifier [0x00007FF62001946D+3301613]\n\tGetHandleVerifier [0x00007FF620063693+3605267]\n\tGetHandleVerifier [0x00007FF620059410+3563664]\n\tGetHandleVerifier [0x00007FF61FDB42F6+790390]\n\t(No symbol) [0x00007FF61FC874DF]\n\t(No symbol) [0x00007FF61FC833D4]\n\t(No symbol) [0x00007FF61FC83562]\n\t(No symbol) [0x00007FF61FC72F6F]\n\tBaseThreadInitThunk [0x00007FFE55DA257D+29]\n\tRtlUserThreadStart [0x00007FFE56C2AA48+40]\n"}, "attachments": [{"name": "Keyword Log", "source": "0ab1ca4e-06a9-4b45-9241-02a3d580c369-attachment.html", "type": "text/html"}], "parameters": [{"name": "arg1", "value": "xpath://input[@name='username']"}, {"name": "arg2", "value": "${Username}"}], "start": 1716915761188, "stop": 1716915761207}, {"name": "SeleniumLibrary.Input Password", "status": "skipped", "statusDetails": {"message": "NoSuchWindowException: Message: no such window: target window already closed\nfrom unknown error: web view not found\n  (Session info: chrome=125.0.6422.113)\nStacktrace:\n\tGetHandleVerifier [0x00007FF61FD01F22+60322]\n\t(No symbol) [0x00007FF61FC7CE99]\n\t(No symbol) [0x00007FF61FB37EBA]\n\t(No symbol) [0x00007FF61FB0D5A5]\n\t(No symbol) [0x00007FF61FBB36B7]\n\t(No symbol) [0x00007FF61FBCB331]\n\t(No symbol) [0x00007FF61FBABFC3]\n\t(No symbol) [0x00007FF61FB79617]\n\t(No symbol) [0x00007FF61FB7A211]\n\tGetHandleVerifier [0x00007FF62001946D+3301613]\n\tGetHandleVerifier [0x00007FF620063693+3605267]\n\tGetHandleVerifier [0x00007FF620059410+3563664]\n\tGetHandleVerifier [0x00007FF61FDB42F6+790390]\n\t(No symbol) [0x00007FF61FC874DF]\n\t(No symbol) [0x00007FF61FC833D4]\n\t(No symbol) [0x00007FF61FC83562]\n\t(No symbol) [0x00007FF61FC72F6F]\n\tBaseThreadInitThunk [0x00007FFE55DA257D+29]\n\tRtlUserThreadStart [0x00007FFE56C2AA48+40]\n"}, "parameters": [{"name": "arg1", "value": "xpath://input[@type='password']"}, {"name": "arg2", "value": "${Password}"}], "start": 1716915761207, "stop": 1716915761207}, {"name": "SeleniumLibrary.Click Button", "status": "skipped", "statusDetails": {"message": "NoSuchWindowException: Message: no such window: target window already closed\nfrom unknown error: web view not found\n  (Session info: chrome=125.0.6422.113)\nStacktrace:\n\tGetHandleVerifier [0x00007FF61FD01F22+60322]\n\t(No symbol) [0x00007FF61FC7CE99]\n\t(No symbol) [0x00007FF61FB37EBA]\n\t(No symbol) [0x00007FF61FB0D5A5]\n\t(No symbol) [0x00007FF61FBB36B7]\n\t(No symbol) [0x00007FF61FBCB331]\n\t(No symbol) [0x00007FF61FBABFC3]\n\t(No symbol) [0x00007FF61FB79617]\n\t(No symbol) [0x00007FF61FB7A211]\n\tGetHandleVerifier [0x00007FF62001946D+3301613]\n\tGetHandleVerifier [0x00007FF620063693+3605267]\n\tGetHandleVerifier [0x00007FF620059410+3563664]\n\tGetHandleVerifier [0x00007FF61FDB42F6+790390]\n\t(No symbol) [0x00007FF61FC874DF]\n\t(No symbol) [0x00007FF61FC833D4]\n\t(No symbol) [0x00007FF61FC83562]\n\t(No symbol) [0x00007FF61FC72F6F]\n\tBaseThreadInitThunk [0x00007FFE55DA257D+29]\n\tRtlUserThreadStart [0x00007FFE56C2AA48+40]\n"}, "parameters": [{"name": "arg1", "value": "xpath://button[@type='submit']"}], "start": 1716915761207, "stop": 1716915761207}], "parameters": [{"name": "arg1", "value": "Admin"}, {"name": "arg2", "value": "admin123"}], "start": 1716915761188, "stop": 1716915761207}, {"name": "Dashboard.Click the remaining candidates review", "status": "skipped", "statusDetails": {"message": "NoSuchWindowException: Message: no such window: target window already closed\nfrom unknown error: web view not found\n  (Session info: chrome=125.0.6422.113)\nStacktrace:\n\tGetHandleVerifier [0x00007FF61FD01F22+60322]\n\t(No symbol) [0x00007FF61FC7CE99]\n\t(No symbol) [0x00007FF61FB37EBA]\n\t(No symbol) [0x00007FF61FB0D5A5]\n\t(No symbol) [0x00007FF61FBB36B7]\n\t(No symbol) [0x00007FF61FBCB331]\n\t(No symbol) [0x00007FF61FBABFC3]\n\t(No symbol) [0x00007FF61FB79617]\n\t(No symbol) [0x00007FF61FB7A211]\n\tGetHandleVerifier [0x00007FF62001946D+3301613]\n\tGetHandleVerifier [0x00007FF620063693+3605267]\n\tGetHandleVerifier [0x00007FF620059410+3563664]\n\tGetHandleVerifier [0x00007FF61FDB42F6+790390]\n\t(No symbol) [0x00007FF61FC874DF]\n\t(No symbol) [0x00007FF61FC833D4]\n\t(No symbol) [0x00007FF61FC83562]\n\t(No symbol) [0x00007FF61FC72F6F]\n\tBaseThreadInitThunk [0x00007FFE55DA257D+29]\n\tRtlUserThreadStart [0x00007FFE56C2AA48+40]\n"}, "start": 1716915761207, "stop": 1716915761207}, {"name": "Dashboard.Verify the Recruitment Page is opened", "status": "skipped", "statusDetails": {"message": "NoSuchWindowException: Message: no such window: target window already closed\nfrom unknown error: web view not found\n  (Session info: chrome=125.0.6422.113)\nStacktrace:\n\tGetHandleVerifier [0x00007FF61FD01F22+60322]\n\t(No symbol) [0x00007FF61FC7CE99]\n\t(No symbol) [0x00007FF61FB37EBA]\n\t(No symbol) [0x00007FF61FB0D5A5]\n\t(No symbol) [0x00007FF61FBB36B7]\n\t(No symbol) [0x00007FF61FBCB331]\n\t(No symbol) [0x00007FF61FBABFC3]\n\t(No symbol) [0x00007FF61FB79617]\n\t(No symbol) [0x00007FF61FB7A211]\n\tGetHandleVerifier [0x00007FF62001946D+3301613]\n\tGetHandleVerifier [0x00007FF620063693+3605267]\n\tGetHandleVerifier [0x00007FF620059410+3563664]\n\tGetHandleVerifier [0x00007FF61FDB42F6+790390]\n\t(No symbol) [0x00007FF61FC874DF]\n\t(No symbol) [0x00007FF61FC833D4]\n\t(No symbol) [0x00007FF61FC83562]\n\t(No symbol) [0x00007FF61FC72F6F]\n\tBaseThreadInitThunk [0x00007FFE55DA257D+29]\n\tRtlUserThreadStart [0x00007FFE56C2AA48+40]\n"}, "start": 1716915761207, "stop": 1716915761207}], "start": 1716915725928, "stop": 1716915763372, "uuid": "688d20ed-31b4-47f0-84fd-53fb027c6fcc", "historyId": "e0f767e478bdacd88262df901b2ac8da", "fullName": "TestCases.Test Action.Verify the Candidates review", "labels": [{"name": "suite", "value": "TestCases"}, {"name": "subSuite", "value": "Test Action"}, {"name": "framework", "value": "robotframework"}, {"name": "language", "value": "cpython3"}, {"name": "host", "value": "Keerthesan"}, {"name": "thread", "value": "default-8268907c-d85a-4dab-a864-502f44a7ba95"}, {"name": "tag", "value": "Retest"}]}