==============================================================================
TestCases                                                                     
==============================================================================
TestCases.Test Qualification :: Verify the Qualification feature of the Emp...
==============================================================================
Add the new work Experience                                             
  Traceback (most recent call last):
    ~~~~~~~~~~~~~~~~~~~~~~~~~~~~~~~~~~~~~~~~~~~~~~~~~~~~~~~~~~~~~~~~~~~~~~~~~~
    File  E:\Git\Team2_OrangeHRM\Team2_OrangeHRM\TestCases\Test_Qualification.robot:14
    T:  Add the new work Experience    
    ~~~~~~~~~~~~~~~~~~~~~~~~~~~~~~~~~~~~~~~~~~~~~~~~~~~~~~~~~~~~~~~~~~~~~~~~~~
    File  E:\Git\Team2_OrangeHRM\Team2_OrangeHRM\TestCases\Test_Qualification.robot:17
      Add new Work Experience    
    ~~~~~~~~~~~~~~~~~~~~~~~~~~~~~~~~~~~~~~~~~~~~~~~~~~~~~~~~~~~~~~~~~~~~~~~~~~
    File  E:\Git\Team2_OrangeHRM\Team2_OrangeHRM\TestCases\Test_Qualification.robot:19
      Click the My Info    
______________________________________________________________________________
  
  Traceback (most recent call last):
    ~~~~~~~~~~~~~~~~~~~~~~~~~~~~~~~~~~~~~~~~~~~~~~~~~~~~~~~~~~~~~~~~~~~~~~~~~~
    File  E:\Git\Team2_OrangeHRM\Team2_OrangeHRM\TestCases\Test_Qualification.robot:14
    T:  Add the new work Experience    
    ~~~~~~~~~~~~~~~~~~~~~~~~~~~~~~~~~~~~~~~~~~~~~~~~~~~~~~~~~~~~~~~~~~~~~~~~~~
    File  E:\Git\Team2_OrangeHRM\Team2_OrangeHRM\TestCases\Test_Qualification.robot:5
      Close the Browser    
______________________________________________________________________________
| FAIL |
User keyword cannot be empty.

Also teardown failed:
No keyword with name 'Close the Browser' found. Did you mean:
    SeleniumLibrary.Close Browser
------------------------------------------------------------------------------
TestCases.Test Qualification :: Verify the Qualification feature o... | FAIL |
1 test, 0 passed, 1 failed
==============================================================================
TestCases                                                             | FAIL |
1 test, 0 passed, 1 failed
==============================================================================
Output:  E:\Git\Team2_OrangeHRM\Team2_OrangeHRM\TestCases\pabot_results\26\output.xml
