==============================================================================
TestCases                                                                     
==============================================================================
TestCases.Test Job :: Verify the User Management feature of the Admin         
==============================================================================
Add the new job                                                         
  Traceback (most recent call last):
    ~~~~~~~~~~~~~~~~~~~~~~~~~~~~~~~~~~~~~~~~~~~~~~~~~~~~~~~~~~~~~~~~~~~~~~~~~~
    File  E:\Git\Team2_OrangeHRM\Team2_OrangeHRM\TestCases\Test_Job.robot:13
    T:  Add the new job    
    ~~~~~~~~~~~~~~~~~~~~~~~~~~~~~~~~~~~~~~~~~~~~~~~~~~~~~~~~~~~~~~~~~~~~~~~~~~
    File  E:\Git\Team2_OrangeHRM\Team2_OrangeHRM\TestCases\Test_Job.robot:16
      Add a new job    condition=Valid    job_Title=Carpen    job_Des=Wood Works    job_Note=Super Field
    ~~~~~~~~~~~~~~~~~~~~~~~~~~~~~~~~~~~~~~~~~~~~~~~~~~~~~~~~~~~~~~~~~~~~~~~~~~
    File  E:\Git\Team2_OrangeHRM\Team2_OrangeHRM\TestCases\Test_Job.robot:23
      '${condition}'=='Valid'    
    ~~~~~~~~~~~~~~~~~~~~~~~~~~~~~~~~~~~~~~~~~~~~~~~~~~~~~~~~~~~~~~~~~~~~~~~~~~
    File  E:\Git\Team2_OrangeHRM\Team2_OrangeHRM\TestCases\Test_Job.robot:29
      Verify the job is added    
    ~~~~~~~~~~~~~~~~~~~~~~~~~~~~~~~~~~~~~~~~~~~~~~~~~~~~~~~~~~~~~~~~~~~~~~~~~~
    File  E:\Git\Team2_OrangeHRM\Team2_OrangeHRM\Resources\Job.robot:46
      Element Text Should Be    ${success_saved}    Success
      |  ${success_saved} = xpath=(//div[@class='oxd-toast-content oxd-toast-content--success']//p)[1] (str)
______________________________________________________________________________
  
  Traceback (most recent call last):
    ~~~~~~~~~~~~~~~~~~~~~~~~~~~~~~~~~~~~~~~~~~~~~~~~~~~~~~~~~~~~~~~~~~~~~~~~~~
    File  E:\Git\Team2_OrangeHRM\Team2_OrangeHRM\TestCases\Test_Job.robot:13
    T:  Add the new job    
    ~~~~~~~~~~~~~~~~~~~~~~~~~~~~~~~~~~~~~~~~~~~~~~~~~~~~~~~~~~~~~~~~~~~~~~~~~~
    File  E:\Git\Team2_OrangeHRM\Team2_OrangeHRM\TestCases\Test_Job.robot:5
      Close the Browser    
______________________________________________________________________________
| FAIL |
Element with locator 'xpath=(//div[@class='oxd-toast-content oxd-toast-content--success']//p)[1]' not found.

Also teardown failed:
No keyword with name 'Close the Browser' found. Did you mean:
    SeleniumLibrary.Close Browser
------------------------------------------------------------------------------
Add the new job                                                         
  Traceback (most recent call last):
    ~~~~~~~~~~~~~~~~~~~~~~~~~~~~~~~~~~~~~~~~~~~~~~~~~~~~~~~~~~~~~~~~~~~~~~~~~~
    File  E:\Git\Team2_OrangeHRM\Team2_OrangeHRM\TestCases\Test_Job.robot:13
    T:  Add the new job    
    ~~~~~~~~~~~~~~~~~~~~~~~~~~~~~~~~~~~~~~~~~~~~~~~~~~~~~~~~~~~~~~~~~~~~~~~~~~
    File  E:\Git\Team2_OrangeHRM\Team2_OrangeHRM\TestCases\Test_Job.robot:16
      Add a new job    condition=Partial    job_Title=Carp    job_Des=    job_Note=
    ~~~~~~~~~~~~~~~~~~~~~~~~~~~~~~~~~~~~~~~~~~~~~~~~~~~~~~~~~~~~~~~~~~~~~~~~~~
    File  E:\Git\Team2_OrangeHRM\Team2_OrangeHRM\TestCases\Test_Job.robot:39
      '${condition}'=='Partial'    
    ~~~~~~~~~~~~~~~~~~~~~~~~~~~~~~~~~~~~~~~~~~~~~~~~~~~~~~~~~~~~~~~~~~~~~~~~~~
    File  E:\Git\Team2_OrangeHRM\Team2_OrangeHRM\TestCases\Test_Job.robot:43
      Verify the job is added    
    ~~~~~~~~~~~~~~~~~~~~~~~~~~~~~~~~~~~~~~~~~~~~~~~~~~~~~~~~~~~~~~~~~~~~~~~~~~
    File  E:\Git\Team2_OrangeHRM\Team2_OrangeHRM\Resources\Job.robot:46
      Element Text Should Be    ${success_saved}    Success
      |  ${success_saved} = xpath=(//div[@class='oxd-toast-content oxd-toast-content--success']//p)[1] (str)
______________________________________________________________________________
  
  Traceback (most recent call last):
    ~~~~~~~~~~~~~~~~~~~~~~~~~~~~~~~~~~~~~~~~~~~~~~~~~~~~~~~~~~~~~~~~~~~~~~~~~~
    File  E:\Git\Team2_OrangeHRM\Team2_OrangeHRM\TestCases\Test_Job.robot:13
    T:  Add the new job    
    ~~~~~~~~~~~~~~~~~~~~~~~~~~~~~~~~~~~~~~~~~~~~~~~~~~~~~~~~~~~~~~~~~~~~~~~~~~
    File  E:\Git\Team2_OrangeHRM\Team2_OrangeHRM\TestCases\Test_Job.robot:5
      Close the Browser    
______________________________________________________________________________
| FAIL |
Element with locator 'xpath=(//div[@class='oxd-toast-content oxd-toast-content--success']//p)[1]' not found.

Also teardown failed:
No keyword with name 'Close the Browser' found. Did you mean:
    SeleniumLibrary.Close Browser
------------------------------------------------------------------------------
Add the new job                                                         
  Traceback (most recent call last):
    ~~~~~~~~~~~~~~~~~~~~~~~~~~~~~~~~~~~~~~~~~~~~~~~~~~~~~~~~~~~~~~~~~~~~~~~~~~
    File  E:\Git\Team2_OrangeHRM\Team2_OrangeHRM\TestCases\Test_Job.robot:13
    T:  Add the new job    
    ~~~~~~~~~~~~~~~~~~~~~~~~~~~~~~~~~~~~~~~~~~~~~~~~~~~~~~~~~~~~~~~~~~~~~~~~~~
    File  E:\Git\Team2_OrangeHRM\Team2_OrangeHRM\TestCases\Test_Job.robot:5
      Close the Browser    
______________________________________________________________________________
| FAIL |
Teardown failed:
No keyword with name 'Close the Browser' found. Did you mean:
    SeleniumLibrary.Close Browser
------------------------------------------------------------------------------
Add the new job                                                         
  Traceback (most recent call last):
    ~~~~~~~~~~~~~~~~~~~~~~~~~~~~~~~~~~~~~~~~~~~~~~~~~~~~~~~~~~~~~~~~~~~~~~~~~~
    File  E:\Git\Team2_OrangeHRM\Team2_OrangeHRM\TestCases\Test_Job.robot:13
    T:  Add the new job    
    ~~~~~~~~~~~~~~~~~~~~~~~~~~~~~~~~~~~~~~~~~~~~~~~~~~~~~~~~~~~~~~~~~~~~~~~~~~
    File  E:\Git\Team2_OrangeHRM\Team2_OrangeHRM\TestCases\Test_Job.robot:5
      Close the Browser    
______________________________________________________________________________
| FAIL |
Teardown failed:
No keyword with name 'Close the Browser' found. Did you mean:
    SeleniumLibrary.Close Browser
------------------------------------------------------------------------------
TestCases.Test Job :: Verify the User Management feature of the Admin | FAIL |
4 tests, 0 passed, 4 failed
==============================================================================
TestCases                                                             | FAIL |
4 tests, 0 passed, 4 failed
==============================================================================
Output:  E:\Git\Team2_OrangeHRM\Team2_OrangeHRM\TestCases\pabot_results\21\output.xml
